<?xml version="1.0" encoding="UTF-8"?>
<testng-results skipped="0" failed="0" ignored="0" total="1" passed="1">
  <reporter-output>
  </reporter-output>
  <suite name="Default suite" duration-ms="11055" started-at="2018-07-31T08:24:38Z" finished-at="2018-07-31T08:24:49Z">
    <groups>
    </groups>
    <test name="Default test" duration-ms="11055" started-at="2018-07-31T08:24:38Z" finished-at="2018-07-31T08:24:49Z">
      <class name="by.besk.exmarkets_tests.UserCanLogin">
        <test-method status="PASS" signature="setUpTest()[pri:0, instance:by.besk.exmarkets_tests.UserCanLogin@cc285f4]" name="setUpTest" is-config="true" duration-ms="2436" started-at="2018-07-31T11:24:38Z" finished-at="2018-07-31T11:24:41Z">
          <reporter-output>
          </reporter-output>
        </test-method> <!-- setUpTest -->
        <test-method status="PASS" signature="userCanLogin()[pri:0, instance:by.besk.exmarkets_tests.UserCanLogin@cc285f4]" name="userCanLogin" duration-ms="8469" started-at="2018-07-31T11:24:41Z" finished-at="2018-07-31T11:24:49Z">
          <reporter-output>
          </reporter-output>
        </test-method> <!-- userCanLogin -->
        <test-method status="PASS" signature="finish()[pri:0, instance:by.besk.exmarkets_tests.UserCanLogin@cc285f4]" name="finish" is-config="true" duration-ms="123" started-at="2018-07-31T11:24:49Z" finished-at="2018-07-31T11:24:49Z">
          <reporter-output>
          </reporter-output>
        </test-method> <!-- finish -->
      </class> <!-- by.besk.exmarkets_tests.UserCanLogin -->
    </test> <!-- Default test -->
  </suite> <!-- Default suite -->
</testng-results>
