<?xml version="1.0" encoding="UTF-8"?>
<testng-results skipped="0" failed="0" ignored="0" total="1" passed="1">
  <reporter-output>
  </reporter-output>
  <suite name="Default suite" duration-ms="13382" started-at="2018-07-31T15:28:08Z" finished-at="2018-07-31T15:28:21Z">
    <groups>
    </groups>
    <test name="Default test" duration-ms="13382" started-at="2018-07-31T15:28:08Z" finished-at="2018-07-31T15:28:21Z">
      <class name="by.besk.exmarkets_tests.UserCanCreateAnOrder">
        <test-method status="PASS" signature="setUpTest()[pri:0, instance:by.besk.exmarkets_tests.UserCanCreateAnOrder@cc285f4]" name="setUpTest" is-config="true" duration-ms="2175" started-at="2018-07-31T18:28:08Z" finished-at="2018-07-31T18:28:10Z">
          <reporter-output>
          </reporter-output>
        </test-method> <!-- setUpTest -->
        <test-method status="PASS" signature="userCanLogin()[pri:0, instance:by.besk.exmarkets_tests.UserCanCreateAnOrder@cc285f4]" name="userCanLogin" duration-ms="11046" started-at="2018-07-31T18:28:10Z" finished-at="2018-07-31T18:28:21Z">
          <reporter-output>
          </reporter-output>
        </test-method> <!-- userCanLogin -->
        <test-method status="PASS" signature="finish()[pri:0, instance:by.besk.exmarkets_tests.UserCanCreateAnOrder@cc285f4]" name="finish" is-config="true" duration-ms="136" started-at="2018-07-31T18:28:21Z" finished-at="2018-07-31T18:28:21Z">
          <reporter-output>
          </reporter-output>
        </test-method> <!-- finish -->
      </class> <!-- by.besk.exmarkets_tests.UserCanCreateAnOrder -->
    </test> <!-- Default test -->
  </suite> <!-- Default suite -->
</testng-results>
